<?xml version="1.0" encoding="UTF-8"?>
<!-- Generated by org.testng.reporters.JUnitReportReporter -->
<testsuite hostname="CBT-003" name="delta.main.DeltaDriver" tests="2" failures="0" timestamp="4 Sep 2016 11:27:47 GMT" time="29.518" errors="0">
  <testcase name="testScenarios" time="12.434" classname="delta.main.DeltaDriver"/>
  <testcase name="testScenarios" time="17.084" classname="delta.main.DeltaDriver"/>
</testsuite> <!-- delta.main.DeltaDriver -->
